#
# There is insufficient memory for the Java Runtime Environment to continue.
# Native memory allocation (mmap) failed to map 65536 bytes for Failed to commit metaspace.
# Possible reasons:
#   The system is out of physical RAM or swap space
#   The process is running with CompressedOops enabled, and the Java Heap may be blocking the growth of the native heap
# Possible solutions:
#   Reduce memory load on the system
#   Increase physical memory or swap space
#   Check if swap backing store is full
#   Decrease Java heap size (-Xmx/-Xms)
#   Decrease number of Java threads
#   Decrease Java thread stack sizes (-Xss)
#   Set larger code cache with -XX:ReservedCodeCacheSize=
#   JVM is running with Zero Based Compressed Oops mode in which the Java heap is
#     placed in the first 32GB address space. The Java Heap base address is the
#     maximum limit for the native heap growth. Please use -XX:HeapBaseMinAddress
#     to set the Java Heap base and to place the Java Heap above 32GB virtual address.
# This output file may be truncated or incomplete.
#
#  Out of Memory Error (virtualSpaceNode.cpp:110), pid=34348, tid=32616
#
# JRE version:  (17.0.9+9) (build )
# Java VM: OpenJDK 64-Bit Server VM (17.0.9+9, mixed mode, tiered, compressed oops, compressed class ptrs, g1 gc, windows-amd64)
# No core dump will be written. Minidumps are not enabled by default on client versions of Windows
#

---------------  S U M M A R Y ------------

Command Line: -XX:+ShowCodeDetailsInExceptionMessages -agentlib:jdwp=transport=dt_socket,suspend=y,address=localhost:49161 -javaagent:C:\Users\rlagu\eclipse\java-2023-09\eclipse\configuration\org.eclipse.osgi\252\0\.cp\lib\javaagent-shaded.jar -Dfile.encoding=UTF-8 -Dstdout.encoding=UTF-8 -Dstderr.encoding=UTF-8 ch04.StudentTest

Host: 13th Gen Intel(R) Core(TM) i5-1340P, 16 cores, 15G,  Windows 11 , 64 bit Build 22621 (10.0.22621.2506)
Time: Mon Dec 25 13:58:05 2023  Windows 11 , 64 bit Build 22621 (10.0.22621.2506) elapsed time: 2.872225 seconds (0d 0h 0m 2s)

---------------  T H R E A D  ---------------

Current thread (0x000001fa48272490):  JavaThread "main" [_thread_in_vm, id=32616, stack(0x0000006e5df00000,0x0000006e5e000000)]

Stack: [0x0000006e5df00000,0x0000006e5e000000]
Native frames: (J=compiled Java code, j=interpreted, Vv=VM code, C=native code)
V  [jvm.dll+0x67cf49]
V  [jvm.dll+0x83478a]
V  [jvm.dll+0x83624e]
V  [jvm.dll+0x8368b3]
V  [jvm.dll+0x247f1f]
V  [jvm.dll+0x83044b]
V  [jvm.dll+0x621776]
V  [jvm.dll+0x6217da]
V  [jvm.dll+0x62400a]
V  [jvm.dll+0x622116]
V  [jvm.dll+0x24588c]
V  [jvm.dll+0x6d3dfd]
V  [jvm.dll+0x6d483f]
V  [jvm.dll+0x373e84]
V  [jvm.dll+0x372f04]
V  [jvm.dll+0x372ea8]
V  [jvm.dll+0x565345]
V  [jvm.dll+0x564254]
V  [jvm.dll+0x386eb2]
V  [jvm.dll+0x38651f]
C  0x000001fa52db60e3

The last pc belongs to invokestatic (printed below).
Java frames: (J=compiled Java code, j=interpreted, Vv=VM code)
j  java.lang.String.toCharArray()[C+21 java.base
j  sun.nio.cs.MS949$DecodeHolder.<clinit>()V+1587 java.base
v  ~StubRoutines::call_stub
j  sun.nio.cs.MS949.newDecoder()Ljava/nio/charset/CharsetDecoder;+5 java.base
j  java.lang.String.<init>([BIILjava/nio/charset/Charset;)V+483 java.base
j  java.lang.String.<init>([BIILjava/lang/String;)V+9 java.base
j  java.lang.String.<init>([BLjava/lang/String;)V+6 java.base
v  ~StubRoutines::call_stub
j  jdk.internal.util.SystemProps$Raw.vmProperties()[Ljava/lang/String;+0 java.base
j  jdk.internal.util.SystemProps$Raw.cmdProperties()Ljava/util/HashMap;+0 java.base
j  jdk.internal.util.SystemProps.initProperties()Ljava/util/Map;+9 java.base
j  java.lang.System.initPhase1()V+3 java.base
v  ~StubRoutines::call_stub
invokestatic  184 invokestatic  [0x000001fa52db6040, 0x000001fa52db63e0]  928 bytes
[MachCode]
  0x000001fa52db6040: 4883 ec08 | c5fa 1104 | 24eb 1f48 | 83ec 10c5 | fb11 0424 | eb14 4883 | ec10 4889 | 0424 48c7 
  0x000001fa52db6060: 4424 0800 | 0000 00eb | 0150 4c89 | 6dc0 410f | b755 0148 | 8b4d d0c1 | e202 8b5c | d120 c1eb 
  0x000001fa52db6080: 1081 e3ff | 0000 0081 | fbb8 0000 | 000f 847b | 0100 00bb | b800 0000 | e805 0000 | 00e9 6001 
  0x000001fa52db60a0: 0000 488b | d348 8d44 | 2408 4c89 | 6dc0 498b | cfc5 f877 | 4989 afa8 | 0200 0049 | 8987 9802 
  0x000001fa52db60c0: 0000 4883 | ec20 f7c4 | 0f00 0000 | 0f84 1a00 | 0000 4883 | ec08 49ba | b064 5d21 | fd7f 0000 
  0x000001fa52db60e0: 41ff d248 | 83c4 08e9 | 0d00 0000 | 49ba b064 | 5d21 fd7f | 0000 41ff | d248 83c4 | 2049 c787 
  0x000001fa52db6100: 9802 0000 | 0000 0000 | 49c7 87a8 | 0200 0000 | 0000 0049 | c787 a002 | 0000 0000 | 0000 c5f8 
  0x000001fa52db6120: 7741 8b8f | 0c04 0000 | f7c1 0100 | 0000 0f84 | 4900 0000 | f7c1 0200 | 0000 0f85 | 3d00 0000 
  0x000001fa52db6140: 4883 ec20 | f7c4 0f00 | 0000 0f84 | 1a00 0000 | 4883 ec08 | 49ba 9008 | 5d21 fd7f | 0000 41ff 
  0x000001fa52db6160: d248 83c4 | 08e9 0d00 | 0000 49ba | 9008 5d21 | fd7f 0000 | 41ff d248 | 83c4 20ff | e049 8b8f 
  0x000001fa52db6180: 9004 0000 | 4885 c90f | 8459 0000 | 008b 898c | 0000 0083 | f901 0f85 | 4a00 0000 | 498b 8f90 
  0x000001fa52db61a0: 0400 008b | 8990 0000 | 0048 83ec | 20f7 c40f | 0000 000f | 841a 0000 | 0048 83ec | 0849 ba80 
  0x000001fa52db61c0: 085d 21fd | 7f00 0041 | ffd2 4883 | c408 e90d | 0000 0049 | ba80 085d | 21fd 7f00 | 0041 ffd2 
  0x000001fa52db61e0: 4883 c420 | ffe0 4981 | 7f08 0000 | 0000 0f84 | 0500 0000 | e907 adfd | ff4c 8b6d | c04c 8b75 
  0x000001fa52db6200: c8c3 410f | b755 0148 | 8b4d d0c1 | e202 488b | 5cd1 2848 | 8b5b 0848 | 8b5b 0848 | 8b5b 1880 
  0x000001fa52db6220: bb33 0100 | 0004 0f84 | 0d00 0000 | 4c3b bb38 | 0100 000f | 855a feff | ff48 8b5c | d128 8b54 
  0x000001fa52db6240: d138 c1ea | 1c49 baa0 | 59df 21fd | 7f00 0049 | 8b14 d252 | 488b 45d8 | 4885 c00f | 8412 0000 
  0x000001fa52db6260: 0048 8340 | 0801 4883 | 5808 0048 | 83c0 1048 | 8945 d848 | 8b45 d848 | 85c0 0f84 | 3501 0000 
  0x000001fa52db6280: 8078 f00a | 0f85 2b01 | 0000 4883 | c008 4c8b | 68f8 4183 | ed00 4183 | fd02 0f8c | 0a01 0000 
  0x000001fa52db62a0: 4c8b 6b08 | 450f b76d | 2c4c 2b28 | 4183 ed01 | 4e8b 6cec | 084d 85ed | 7507 4883 | 4808 01eb 
  0x000001fa52db62c0: 5345 8b6d | 0849 ba00 | 0000 0008 | 0000 004d | 03ea 4c33 | 6808 49f7 | c5fc ffff | ff74 3549 
  0x000001fa52db62e0: f7c5 0200 | 0000 752c | 4881 7808 | 0000 0000 | 741e 4881 | 7808 0100 | 0000 7414 | 4c33 6808 
  0x000001fa52db6300: 49f7 c5fc | ffff ff74 | 0b48 8348 | 0802 eb04 | 4c89 6808 | 4883 c010 | 4c8b 68e8 | 4183 ed02 
  0x000001fa52db6320: 4183 fd02 | 0f8c 8000 | 0000 4c8b | 6b08 450f | b76d 2c4c | 2b28 4183 | ed01 4e8b | 6cec 084d 
  0x000001fa52db6340: 85ed 7507 | 4883 4808 | 01eb 5345 | 8b6d 0849 | ba00 0000 | 0008 0000 | 004d 03ea | 4c33 6808 
  0x000001fa52db6360: 49f7 c5fc | ffff ff74 | 3549 f7c5 | 0200 0000 | 752c 4881 | 7808 0000 | 0000 741e | 4881 7808 
  0x000001fa52db6380: 0100 0000 | 7414 4c33 | 6808 49f7 | c5fc ffff | ff74 0b48 | 8348 0802 | eb04 4c89 | 6808 4883 
  0x000001fa52db63a0: c010 4c8b | 68d8 4183 | ed04 41c1 | e503 4903 | c548 8945 | d84c 8d6c | 2408 4c89 | 6df0 4180 
  0x000001fa52db63c0: bf98 0400 | 0000 7403 | ff63 38ff | 6350 6690 | 0000 0000 | 0000 0000 | 0000 0000 | 0000 0000 
[/MachCode]

---------------  P R O C E S S  ---------------

Threads class SMR info:
_java_thread_list=0x000001fa677f9800, length=3, elements={
0x000001fa48272490, 0x000001fa6781f030, 0x000001fa67820650
}

Java Threads: ( => current thread )
=>0x000001fa48272490 JavaThread "main" [_thread_in_vm, id=32616, stack(0x0000006e5df00000,0x0000006e5e000000)]
  0x000001fa6781f030 JavaThread "Reference Handler" daemon [_thread_blocked, id=26548, stack(0x0000006e5e700000,0x0000006e5e800000)]
  0x000001fa67820650 JavaThread "Finalizer" daemon [_thread_blocked, id=30796, stack(0x0000006e5e800000,0x0000006e5e900000)]

Other Threads:
  0x000001fa677fb420 VMThread "VM Thread" [stack: 0x0000006e5e600000,0x0000006e5e700000] [id=28572]
  0x000001fa482e1600 GCTaskThread "GC Thread#0" [stack: 0x0000006e5e100000,0x0000006e5e200000] [id=20544]
  0x000001fa482f2060 ConcurrentGCThread "G1 Main Marker" [stack: 0x0000006e5e200000,0x0000006e5e300000] [id=30264]
  0x000001fa482f2a80 ConcurrentGCThread "G1 Conc#0" [stack: 0x0000006e5e300000,0x0000006e5e400000] [id=31864]
  0x000001fa4832ec60 ConcurrentGCThread "G1 Refine#0" [stack: 0x0000006e5e400000,0x0000006e5e500000] [id=24644]
  0x000001fa6764ed60 ConcurrentGCThread "G1 Service" [stack: 0x0000006e5e500000,0x0000006e5e600000] [id=33540]

Threads with active compile tasks:

VM state: not at safepoint (normal execution)

VM Mutex/Monitor currently owned by a thread:  ([mutex/lock_event])
[0x000001fa4825e580] Metaspace_lock - owner thread: 0x000001fa48272490

Heap address: 0x0000000704e00000, size: 4018 MB, Compressed Oops mode: Zero based, Oop shift amount: 3

CDS archive(s) not mapped
Compressed class space mapped at: 0x0000000800000000-0x0000000840000000, reserved size: 1073741824
Narrow klass base: 0x0000000800000000, Narrow klass shift: 0, Narrow klass range: 0x40000000

GC Precious Log:
 CPUs: 16 total, 16 available
 Memory: 16066M
 Large Page Support: Disabled
 NUMA Support: Disabled
 Compressed Oops: Enabled (Zero based)
 Heap Region Size: 2M
 Heap Min Capacity: 8M
 Heap Initial Capacity: 252M
 Heap Max Capacity: 4018M
 Pre-touch: Disabled
 Parallel Workers: 13
 Concurrent Workers: 3
 Concurrent Refinement Workers: 13
 Periodic GC: Disabled

Heap:
 garbage-first heap   total 258048K, used 0K [0x0000000704e00000, 0x0000000800000000)
  region size 2048K, 1 young (2048K), 0 survivors (0K)
 Metaspace       used 2217K, committed 2240K, reserved 1114112K
  class space    used 171K, committed 192K, reserved 1048576K

Heap Regions: E=young(eden), S=young(survivor), O=old, HS=humongous(starts), HC=humongous(continues), CS=collection set, F=free, OA=open archive, CA=closed archive, TAMS=top-at-mark-start (previous, next)
|   0|0x0000000704e00000, 0x0000000704e00000, 0x0000000705000000|  0%| F|  |TAMS 0x0000000704e00000, 0x0000000704e00000| Untracked 
|   1|0x0000000705000000, 0x0000000705000000, 0x0000000705200000|  0%| F|  |TAMS 0x0000000705000000, 0x0000000705000000| Untracked 
|   2|0x0000000705200000, 0x0000000705200000, 0x0000000705400000|  0%| F|  |TAMS 0x0000000705200000, 0x0000000705200000| Untracked 
|   3|0x0000000705400000, 0x0000000705400000, 0x0000000705600000|  0%| F|  |TAMS 0x0000000705400000, 0x0000000705400000| Untracked 
|   4|0x0000000705600000, 0x0000000705600000, 0x0000000705800000|  0%| F|  |TAMS 0x0000000705600000, 0x0000000705600000| Untracked 
|   5|0x0000000705800000, 0x0000000705800000, 0x0000000705a00000|  0%| F|  |TAMS 0x0000000705800000, 0x0000000705800000| Untracked 
|   6|0x0000000705a00000, 0x0000000705a00000, 0x0000000705c00000|  0%| F|  |TAMS 0x0000000705a00000, 0x0000000705a00000| Untracked 
|   7|0x0000000705c00000, 0x0000000705c00000, 0x0000000705e00000|  0%| F|  |TAMS 0x0000000705c00000, 0x0000000705c00000| Untracked 
|   8|0x0000000705e00000, 0x0000000705e00000, 0x0000000706000000|  0%| F|  |TAMS 0x0000000705e00000, 0x0000000705e00000| Untracked 
|   9|0x0000000706000000, 0x0000000706000000, 0x0000000706200000|  0%| F|  |TAMS 0x0000000706000000, 0x0000000706000000| Untracked 
|  10|0x0000000706200000, 0x0000000706200000, 0x0000000706400000|  0%| F|  |TAMS 0x0000000706200000, 0x0000000706200000| Untracked 
|  11|0x0000000706400000, 0x0000000706400000, 0x0000000706600000|  0%| F|  |TAMS 0x0000000706400000, 0x0000000706400000| Untracked 
|  12|0x0000000706600000, 0x0000000706600000, 0x0000000706800000|  0%| F|  |TAMS 0x0000000706600000, 0x0000000706600000| Untracked 
|  13|0x0000000706800000, 0x0000000706800000, 0x0000000706a00000|  0%| F|  |TAMS 0x0000000706800000, 0x0000000706800000| Untracked 
|  14|0x0000000706a00000, 0x0000000706a00000, 0x0000000706c00000|  0%| F|  |TAMS 0x0000000706a00000, 0x0000000706a00000| Untracked 
|  15|0x0000000706c00000, 0x0000000706c00000, 0x0000000706e00000|  0%| F|  |TAMS 0x0000000706c00000, 0x0000000706c00000| Untracked 
|  16|0x0000000706e00000, 0x0000000706e00000, 0x0000000707000000|  0%| F|  |TAMS 0x0000000706e00000, 0x0000000706e00000| Untracked 
|  17|0x0000000707000000, 0x0000000707000000, 0x0000000707200000|  0%| F|  |TAMS 0x0000000707000000, 0x0000000707000000| Untracked 
|  18|0x0000000707200000, 0x0000000707200000, 0x0000000707400000|  0%| F|  |TAMS 0x0000000707200000, 0x0000000707200000| Untracked 
|  19|0x0000000707400000, 0x0000000707400000, 0x0000000707600000|  0%| F|  |TAMS 0x0000000707400000, 0x0000000707400000| Untracked 
|  20|0x0000000707600000, 0x0000000707600000, 0x0000000707800000|  0%| F|  |TAMS 0x0000000707600000, 0x0000000707600000| Untracked 
|  21|0x0000000707800000, 0x0000000707800000, 0x0000000707a00000|  0%| F|  |TAMS 0x0000000707800000, 0x0000000707800000| Untracked 
|  22|0x0000000707a00000, 0x0000000707a00000, 0x0000000707c00000|  0%| F|  |TAMS 0x0000000707a00000, 0x0000000707a00000| Untracked 
|  23|0x0000000707c00000, 0x0000000707c00000, 0x0000000707e00000|  0%| F|  |TAMS 0x0000000707c00000, 0x0000000707c00000| Untracked 
|  24|0x0000000707e00000, 0x0000000707e00000, 0x0000000708000000|  0%| F|  |TAMS 0x0000000707e00000, 0x0000000707e00000| Untracked 
|  25|0x0000000708000000, 0x0000000708000000, 0x0000000708200000|  0%| F|  |TAMS 0x0000000708000000, 0x0000000708000000| Untracked 
|  26|0x0000000708200000, 0x0000000708200000, 0x0000000708400000|  0%| F|  |TAMS 0x0000000708200000, 0x0000000708200000| Untracked 
|  27|0x0000000708400000, 0x0000000708400000, 0x0000000708600000|  0%| F|  |TAMS 0x0000000708400000, 0x0000000708400000| Untracked 
|  28|0x0000000708600000, 0x0000000708600000, 0x0000000708800000|  0%| F|  |TAMS 0x0000000708600000, 0x0000000708600000| Untracked 
|  29|0x0000000708800000, 0x0000000708800000, 0x0000000708a00000|  0%| F|  |TAMS 0x0000000708800000, 0x0000000708800000| Untracked 
|  30|0x0000000708a00000, 0x0000000708a00000, 0x0000000708c00000|  0%| F|  |TAMS 0x0000000708a00000, 0x0000000708a00000| Untracked 
|  31|0x0000000708c00000, 0x0000000708c00000, 0x0000000708e00000|  0%| F|  |TAMS 0x0000000708c00000, 0x0000000708c00000| Untracked 
|  32|0x0000000708e00000, 0x0000000708e00000, 0x0000000709000000|  0%| F|  |TAMS 0x0000000708e00000, 0x0000000708e00000| Untracked 
|  33|0x0000000709000000, 0x0000000709000000, 0x0000000709200000|  0%| F|  |TAMS 0x0000000709000000, 0x0000000709000000| Untracked 
|  34|0x0000000709200000, 0x0000000709200000, 0x0000000709400000|  0%| F|  |TAMS 0x0000000709200000, 0x0000000709200000| Untracked 
|  35|0x0000000709400000, 0x0000000709400000, 0x0000000709600000|  0%| F|  |TAMS 0x0000000709400000, 0x0000000709400000| Untracked 
|  36|0x0000000709600000, 0x0000000709600000, 0x0000000709800000|  0%| F|  |TAMS 0x0000000709600000, 0x0000000709600000| Untracked 
|  37|0x0000000709800000, 0x0000000709800000, 0x0000000709a00000|  0%| F|  |TAMS 0x0000000709800000, 0x0000000709800000| Untracked 
|  38|0x0000000709a00000, 0x0000000709a00000, 0x0000000709c00000|  0%| F|  |TAMS 0x0000000709a00000, 0x0000000709a00000| Untracked 
|  39|0x0000000709c00000, 0x0000000709c00000, 0x0000000709e00000|  0%| F|  |TAMS 0x0000000709c00000, 0x0000000709c00000| Untracked 
|  40|0x0000000709e00000, 0x0000000709e00000, 0x000000070a000000|  0%| F|  |TAMS 0x0000000709e00000, 0x0000000709e00000| Untracked 
|  41|0x000000070a000000, 0x000000070a000000, 0x000000070a200000|  0%| F|  |TAMS 0x000000070a000000, 0x000000070a000000| Untracked 
|  42|0x000000070a200000, 0x000000070a200000, 0x000000070a400000|  0%| F|  |TAMS 0x000000070a200000, 0x000000070a200000| Untracked 
|  43|0x000000070a400000, 0x000000070a400000, 0x000000070a600000|  0%| F|  |TAMS 0x000000070a400000, 0x000000070a400000| Untracked 
|  44|0x000000070a600000, 0x000000070a600000, 0x000000070a800000|  0%| F|  |TAMS 0x000000070a600000, 0x000000070a600000| Untracked 
|  45|0x000000070a800000, 0x000000070a800000, 0x000000070aa00000|  0%| F|  |TAMS 0x000000070a800000, 0x000000070a800000| Untracked 
|  46|0x000000070aa00000, 0x000000070aa00000, 0x000000070ac00000|  0%| F|  |TAMS 0x000000070aa00000, 0x000000070aa00000| Untracked 
|  47|0x000000070ac00000, 0x000000070ac00000, 0x000000070ae00000|  0%| F|  |TAMS 0x000000070ac00000, 0x000000070ac00000| Untracked 
|  48|0x000000070ae00000, 0x000000070ae00000, 0x000000070b000000|  0%| F|  |TAMS 0x000000070ae00000, 0x000000070ae00000| Untracked 
|  49|0x000000070b000000, 0x000000070b000000, 0x000000070b200000|  0%| F|  |TAMS 0x000000070b000000, 0x000000070b000000| Untracked 
|  50|0x000000070b200000, 0x000000070b200000, 0x000000070b400000|  0%| F|  |TAMS 0x000000070b200000, 0x000000070b200000| Untracked 
|  51|0x000000070b400000, 0x000000070b400000, 0x000000070b600000|  0%| F|  |TAMS 0x000000070b400000, 0x000000070b400000| Untracked 
|  52|0x000000070b600000, 0x000000070b600000, 0x000000070b800000|  0%| F|  |TAMS 0x000000070b600000, 0x000000070b600000| Untracked 
|  53|0x000000070b800000, 0x000000070b800000, 0x000000070ba00000|  0%| F|  |TAMS 0x000000070b800000, 0x000000070b800000| Untracked 
|  54|0x000000070ba00000, 0x000000070ba00000, 0x000000070bc00000|  0%| F|  |TAMS 0x000000070ba00000, 0x000000070ba00000| Untracked 
|  55|0x000000070bc00000, 0x000000070bc00000, 0x000000070be00000|  0%| F|  |TAMS 0x000000070bc00000, 0x000000070bc00000| Untracked 
|  56|0x000000070be00000, 0x000000070be00000, 0x000000070c000000|  0%| F|  |TAMS 0x000000070be00000, 0x000000070be00000| Untracked 
|  57|0x000000070c000000, 0x000000070c000000, 0x000000070c200000|  0%| F|  |TAMS 0x000000070c000000, 0x000000070c000000| Untracked 
|  58|0x000000070c200000, 0x000000070c200000, 0x000000070c400000|  0%| F|  |TAMS 0x000000070c200000, 0x000000070c200000| Untracked 
|  59|0x000000070c400000, 0x000000070c400000, 0x000000070c600000|  0%| F|  |TAMS 0x000000070c400000, 0x000000070c400000| Untracked 
|  60|0x000000070c600000, 0x000000070c600000, 0x000000070c800000|  0%| F|  |TAMS 0x000000070c600000, 0x000000070c600000| Untracked 
|  61|0x000000070c800000, 0x000000070c800000, 0x000000070ca00000|  0%| F|  |TAMS 0x000000070c800000, 0x000000070c800000| Untracked 
|  62|0x000000070ca00000, 0x000000070ca00000, 0x000000070cc00000|  0%| F|  |TAMS 0x000000070ca00000, 0x000000070ca00000| Untracked 
|  63|0x000000070cc00000, 0x000000070cc00000, 0x000000070ce00000|  0%| F|  |TAMS 0x000000070cc00000, 0x000000070cc00000| Untracked 
|  64|0x000000070ce00000, 0x000000070ce00000, 0x000000070d000000|  0%| F|  |TAMS 0x000000070ce00000, 0x000000070ce00000| Untracked 
|  65|0x000000070d000000, 0x000000070d000000, 0x000000070d200000|  0%| F|  |TAMS 0x000000070d000000, 0x000000070d000000| Untracked 
|  66|0x000000070d200000, 0x000000070d200000, 0x000000070d400000|  0%| F|  |TAMS 0x000000070d200000, 0x000000070d200000| Untracked 
|  67|0x000000070d400000, 0x000000070d400000, 0x000000070d600000|  0%| F|  |TAMS 0x000000070d400000, 0x000000070d400000| Untracked 
|  68|0x000000070d600000, 0x000000070d600000, 0x000000070d800000|  0%| F|  |TAMS 0x000000070d600000, 0x000000070d600000| Untracked 
|  69|0x000000070d800000, 0x000000070d800000, 0x000000070da00000|  0%| F|  |TAMS 0x000000070d800000, 0x000000070d800000| Untracked 
|  70|0x000000070da00000, 0x000000070da00000, 0x000000070dc00000|  0%| F|  |TAMS 0x000000070da00000, 0x000000070da00000| Untracked 
|  71|0x000000070dc00000, 0x000000070dc00000, 0x000000070de00000|  0%| F|  |TAMS 0x000000070dc00000, 0x000000070dc00000| Untracked 
|  72|0x000000070de00000, 0x000000070de00000, 0x000000070e000000|  0%| F|  |TAMS 0x000000070de00000, 0x000000070de00000| Untracked 
|  73|0x000000070e000000, 0x000000070e000000, 0x000000070e200000|  0%| F|  |TAMS 0x000000070e000000, 0x000000070e000000| Untracked 
|  74|0x000000070e200000, 0x000000070e200000, 0x000000070e400000|  0%| F|  |TAMS 0x000000070e200000, 0x000000070e200000| Untracked 
|  75|0x000000070e400000, 0x000000070e400000, 0x000000070e600000|  0%| F|  |TAMS 0x000000070e400000, 0x000000070e400000| Untracked 
|  76|0x000000070e600000, 0x000000070e600000, 0x000000070e800000|  0%| F|  |TAMS 0x000000070e600000, 0x000000070e600000| Untracked 
|  77|0x000000070e800000, 0x000000070e800000, 0x000000070ea00000|  0%| F|  |TAMS 0x000000070e800000, 0x000000070e800000| Untracked 
|  78|0x000000070ea00000, 0x000000070ea00000, 0x000000070ec00000|  0%| F|  |TAMS 0x000000070ea00000, 0x000000070ea00000| Untracked 
|  79|0x000000070ec00000, 0x000000070ec00000, 0x000000070ee00000|  0%| F|  |TAMS 0x000000070ec00000, 0x000000070ec00000| Untracked 
|  80|0x000000070ee00000, 0x000000070ee00000, 0x000000070f000000|  0%| F|  |TAMS 0x000000070ee00000, 0x000000070ee00000| Untracked 
|  81|0x000000070f000000, 0x000000070f000000, 0x000000070f200000|  0%| F|  |TAMS 0x000000070f000000, 0x000000070f000000| Untracked 
|  82|0x000000070f200000, 0x000000070f200000, 0x000000070f400000|  0%| F|  |TAMS 0x000000070f200000, 0x000000070f200000| Untracked 
|  83|0x000000070f400000, 0x000000070f400000, 0x000000070f600000|  0%| F|  |TAMS 0x000000070f400000, 0x000000070f400000| Untracked 
|  84|0x000000070f600000, 0x000000070f600000, 0x000000070f800000|  0%| F|  |TAMS 0x000000070f600000, 0x000000070f600000| Untracked 
|  85|0x000000070f800000, 0x000000070f800000, 0x000000070fa00000|  0%| F|  |TAMS 0x000000070f800000, 0x000000070f800000| Untracked 
|  86|0x000000070fa00000, 0x000000070fa00000, 0x000000070fc00000|  0%| F|  |TAMS 0x000000070fa00000, 0x000000070fa00000| Untracked 
|  87|0x000000070fc00000, 0x000000070fc00000, 0x000000070fe00000|  0%| F|  |TAMS 0x000000070fc00000, 0x000000070fc00000| Untracked 
|  88|0x000000070fe00000, 0x000000070fe00000, 0x0000000710000000|  0%| F|  |TAMS 0x000000070fe00000, 0x000000070fe00000| Untracked 
|  89|0x0000000710000000, 0x0000000710000000, 0x0000000710200000|  0%| F|  |TAMS 0x0000000710000000, 0x0000000710000000| Untracked 
|  90|0x0000000710200000, 0x0000000710200000, 0x0000000710400000|  0%| F|  |TAMS 0x0000000710200000, 0x0000000710200000| Untracked 
|  91|0x0000000710400000, 0x0000000710400000, 0x0000000710600000|  0%| F|  |TAMS 0x0000000710400000, 0x0000000710400000| Untracked 
|  92|0x0000000710600000, 0x0000000710600000, 0x0000000710800000|  0%| F|  |TAMS 0x0000000710600000, 0x0000000710600000| Untracked 
|  93|0x0000000710800000, 0x0000000710800000, 0x0000000710a00000|  0%| F|  |TAMS 0x0000000710800000, 0x0000000710800000| Untracked 
|  94|0x0000000710a00000, 0x0000000710a00000, 0x0000000710c00000|  0%| F|  |TAMS 0x0000000710a00000, 0x0000000710a00000| Untracked 
|  95|0x0000000710c00000, 0x0000000710c00000, 0x0000000710e00000|  0%| F|  |TAMS 0x0000000710c00000, 0x0000000710c00000| Untracked 
|  96|0x0000000710e00000, 0x0000000710e00000, 0x0000000711000000|  0%| F|  |TAMS 0x0000000710e00000, 0x0000000710e00000| Untracked 
|  97|0x0000000711000000, 0x0000000711000000, 0x0000000711200000|  0%| F|  |TAMS 0x0000000711000000, 0x0000000711000000| Untracked 
|  98|0x0000000711200000, 0x0000000711200000, 0x0000000711400000|  0%| F|  |TAMS 0x0000000711200000, 0x0000000711200000| Untracked 
|  99|0x0000000711400000, 0x0000000711400000, 0x0000000711600000|  0%| F|  |TAMS 0x0000000711400000, 0x0000000711400000| Untracked 
| 100|0x0000000711600000, 0x0000000711600000, 0x0000000711800000|  0%| F|  |TAMS 0x0000000711600000, 0x0000000711600000| Untracked 
| 101|0x0000000711800000, 0x0000000711800000, 0x0000000711a00000|  0%| F|  |TAMS 0x0000000711800000, 0x0000000711800000| Untracked 
| 102|0x0000000711a00000, 0x0000000711a00000, 0x0000000711c00000|  0%| F|  |TAMS 0x0000000711a00000, 0x0000000711a00000| Untracked 
| 103|0x0000000711c00000, 0x0000000711c00000, 0x0000000711e00000|  0%| F|  |TAMS 0x0000000711c00000, 0x0000000711c00000| Untracked 
| 104|0x0000000711e00000, 0x0000000711e00000, 0x0000000712000000|  0%| F|  |TAMS 0x0000000711e00000, 0x0000000711e00000| Untracked 
| 105|0x0000000712000000, 0x0000000712000000, 0x0000000712200000|  0%| F|  |TAMS 0x0000000712000000, 0x0000000712000000| Untracked 
| 106|0x0000000712200000, 0x0000000712200000, 0x0000000712400000|  0%| F|  |TAMS 0x0000000712200000, 0x0000000712200000| Untracked 
| 107|0x0000000712400000, 0x0000000712400000, 0x0000000712600000|  0%| F|  |TAMS 0x0000000712400000, 0x0000000712400000| Untracked 
| 108|0x0000000712600000, 0x0000000712600000, 0x0000000712800000|  0%| F|  |TAMS 0x0000000712600000, 0x0000000712600000| Untracked 
| 109|0x0000000712800000, 0x0000000712800000, 0x0000000712a00000|  0%| F|  |TAMS 0x0000000712800000, 0x0000000712800000| Untracked 
| 110|0x0000000712a00000, 0x0000000712a00000, 0x0000000712c00000|  0%| F|  |TAMS 0x0000000712a00000, 0x0000000712a00000| Untracked 
| 111|0x0000000712c00000, 0x0000000712c00000, 0x0000000712e00000|  0%| F|  |TAMS 0x0000000712c00000, 0x0000000712c00000| Untracked 
| 112|0x0000000712e00000, 0x0000000712e00000, 0x0000000713000000|  0%| F|  |TAMS 0x0000000712e00000, 0x0000000712e00000| Untracked 
| 113|0x0000000713000000, 0x0000000713000000, 0x0000000713200000|  0%| F|  |TAMS 0x0000000713000000, 0x0000000713000000| Untracked 
| 114|0x0000000713200000, 0x0000000713200000, 0x0000000713400000|  0%| F|  |TAMS 0x0000000713200000, 0x0000000713200000| Untracked 
| 115|0x0000000713400000, 0x0000000713400000, 0x0000000713600000|  0%| F|  |TAMS 0x0000000713400000, 0x0000000713400000| Untracked 
| 116|0x0000000713600000, 0x0000000713600000, 0x0000000713800000|  0%| F|  |TAMS 0x0000000713600000, 0x0000000713600000| Untracked 
| 117|0x0000000713800000, 0x0000000713800000, 0x0000000713a00000|  0%| F|  |TAMS 0x0000000713800000, 0x0000000713800000| Untracked 
| 118|0x0000000713a00000, 0x0000000713a00000, 0x0000000713c00000|  0%| F|  |TAMS 0x0000000713a00000, 0x0000000713a00000| Untracked 
| 119|0x0000000713c00000, 0x0000000713c00000, 0x0000000713e00000|  0%| F|  |TAMS 0x0000000713c00000, 0x0000000713c00000| Untracked 
| 120|0x0000000713e00000, 0x0000000713e00000, 0x0000000714000000|  0%| F|  |TAMS 0x0000000713e00000, 0x0000000713e00000| Untracked 
| 121|0x0000000714000000, 0x0000000714000000, 0x0000000714200000|  0%| F|  |TAMS 0x0000000714000000, 0x0000000714000000| Untracked 
| 122|0x0000000714200000, 0x0000000714200000, 0x0000000714400000|  0%| F|  |TAMS 0x0000000714200000, 0x0000000714200000| Untracked 
| 123|0x0000000714400000, 0x0000000714400000, 0x0000000714600000|  0%| F|  |TAMS 0x0000000714400000, 0x0000000714400000| Untracked 
| 124|0x0000000714600000, 0x0000000714600000, 0x0000000714800000|  0%| F|  |TAMS 0x0000000714600000, 0x0000000714600000| Untracked 
| 125|0x0000000714800000, 0x00000007148e15a8, 0x0000000714a00000| 44%| E|  |TAMS 0x0000000714800000, 0x0000000714800000| Complete 

Card table byte_map: [0x000001fa5b9a0000,0x000001fa5c180000] _byte_map_base: 0x000001fa58179000

Marking Bits (Prev, Next): (CMBitMap*) 0x000001fa482e1c20, (CMBitMap*) 0x000001fa482e1c60
 Prev Bits: [0x000001fa5c960000, 0x000001fa60828000)
 Next Bits: [0x000001fa60830000, 0x000001fa646f8000)

Polling page: 0x000001fa46260000

Metaspace:

Usage:
  Non-class:      2.00 MB used.
      Class:    171.44 KB used.
       Both:      2.17 MB used.

Virtual space:
  Non-class space:       64.00 MB reserved,       2.00 MB (  3%) committed,  1 nodes.
      Class space:        1.00 GB reserved,     192.00 KB ( <1%) committed,  1 nodes.
             Both:        1.06 GB reserved,       2.19 MB ( <1%) committed. 

Chunk freelists:
   Non-Class:  12.00 MB
       Class:  15.75 MB
        Both:  27.75 MB

MaxMetaspaceSize: unlimited
CompressedClassSpaceSize: 1.00 GB
Initial GC threshold: 21.00 MB
Current GC threshold: 17179869184.00 GB
CDS: off
MetaspaceReclaimPolicy: balanced
 - commit_granule_bytes: 65536.
 - commit_granule_words: 8192.
 - virtual_space_node_default_size: 8388608.
 - enlarge_chunks_in_place: 1.
 - new_chunks_are_fully_committed: 0.
 - uncommit_free_chunks: 1.
 - use_allocation_guard: 0.
 - handle_deallocations: 1.


Internal statistics:

num_allocs_failed_limit: 0.
num_arena_births: 2.
num_arena_deaths: 0.
num_vsnodes_births: 2.
num_vsnodes_deaths: 0.
num_space_committed: 35.
num_space_uncommitted: 0.
num_chunks_returned_to_freelist: 0.
num_chunks_taken_from_freelist: 3.
num_chunk_merges: 0.
num_chunk_splits: 2.
num_chunks_enlarged: 0.
num_inconsistent_stats: 0.

CodeHeap 'non-profiled nmethods': size=119168Kb used=0Kb max_used=0Kb free=119168Kb
 bounds [0x000001fa534e0000, 0x000001fa53750000, 0x000001fa5a940000]
CodeHeap 'profiled nmethods': size=119104Kb used=0Kb max_used=0Kb free=119104Kb
 bounds [0x000001fa4b940000, 0x000001fa4bbb0000, 0x000001fa52d90000]
CodeHeap 'non-nmethods': size=7488Kb used=441Kb max_used=441Kb free=7046Kb
 bounds [0x000001fa52d90000, 0x000001fa53000000, 0x000001fa534e0000]
 total_blobs=163 nmethods=0 adapters=136
 compilation: enabled
              stopped_count=0, restarted_count=0
 full_count=0

Compilation events (0 events):
No events

GC Heap History (0 events):
No events

Dll operation events (1 events):
Event: 2.699 Loaded shared library C:\Users\rlagu\.p2\pool\plugins\org.eclipse.justj.openjdk.hotspot.jre.full.win32.x86_64_17.0.9.v20231028-0858\jre\bin\java.dll

Deoptimization events (0 events):
No events

Classes unloaded (0 events):
No events

Classes redefined (0 events):
No events

Internal exceptions (0 events):
No events

VM Operations (0 events):
No events

Events (20 events):
Event: 2.861 loading class java/lang/Class$1
Event: 2.861 loading class java/lang/Class$1 done
Event: 2.861 loading class java/lang/reflect/Modifier
Event: 2.861 loading class java/lang/reflect/Modifier done
Event: 2.862 loading class jdk/internal/reflect/DelegatingConstructorAccessorImpl
Event: 2.862 loading class jdk/internal/reflect/DelegatingConstructorAccessorImpl done
Event: 2.862 loading class sun/nio/cs/DoubleByte$Decoder
Event: 2.862 loading class sun/nio/cs/DelegatableDecoder
Event: 2.862 loading class sun/nio/cs/DelegatableDecoder done
Event: 2.862 loading class sun/nio/cs/ArrayDecoder
Event: 2.862 loading class sun/nio/cs/ArrayDecoder done
Event: 2.862 loading class java/nio/charset/CharsetDecoder
Event: 2.862 loading class java/nio/charset/CharsetDecoder done
Event: 2.862 loading class sun/nio/cs/DoubleByte$Decoder done
Event: 2.862 loading class sun/nio/cs/MS949$DecodeHolder
Event: 2.863 loading class sun/nio/cs/MS949$DecodeHolder done
Event: 2.864 loading class sun/nio/cs/DoubleByte
Event: 2.864 loading class sun/nio/cs/DoubleByte done
Event: 2.864 loading class java/lang/StringUTF16
Event: 2.865 loading class java/lang/StringUTF16 done


Dynamic libraries:
0x00007ff6d8cd0000 - 0x00007ff6d8cde000 	C:\Users\rlagu\.p2\pool\plugins\org.eclipse.justj.openjdk.hotspot.jre.full.win32.x86_64_17.0.9.v20231028-0858\jre\bin\javaw.exe
0x00007ffd82dd0000 - 0x00007ffd82fe7000 	C:\Windows\SYSTEM32\ntdll.dll
0x00007ffd81220000 - 0x00007ffd812e4000 	C:\Windows\System32\KERNEL32.DLL
0x00007ffd80770000 - 0x00007ffd80b16000 	C:\Windows\System32\KERNELBASE.dll
0x00007ffd802a0000 - 0x00007ffd803b1000 	C:\Windows\System32\ucrtbase.dll
0x00007ffd7aa90000 - 0x00007ffd7aaa7000 	C:\Users\rlagu\.p2\pool\plugins\org.eclipse.justj.openjdk.hotspot.jre.full.win32.x86_64_17.0.9.v20231028-0858\jre\bin\jli.dll
0x00007ffd82750000 - 0x00007ffd828fe000 	C:\Windows\System32\USER32.dll
0x00007ffd803c0000 - 0x00007ffd803e6000 	C:\Windows\System32\win32u.dll
0x00007ffd821c0000 - 0x00007ffd821e9000 	C:\Windows\System32\GDI32.dll
0x00007ffd803f0000 - 0x00007ffd80508000 	C:\Windows\System32\gdi32full.dll
0x00007ffd80140000 - 0x00007ffd801da000 	C:\Windows\System32\msvcp_win.dll
0x00007ffd7a550000 - 0x00007ffd7a56b000 	C:\Users\rlagu\.p2\pool\plugins\org.eclipse.justj.openjdk.hotspot.jre.full.win32.x86_64_17.0.9.v20231028-0858\jre\bin\VCRUNTIME140.dll
0x00007ffd68d70000 - 0x00007ffd69003000 	C:\Windows\WinSxS\amd64_microsoft.windows.common-controls_6595b64144ccf1df_6.0.22621.2506_none_270c5ae97388e100\COMCTL32.dll
0x00007ffd81160000 - 0x00007ffd81207000 	C:\Windows\System32\msvcrt.dll
0x00007ffd822c0000 - 0x00007ffd822f1000 	C:\Windows\System32\IMM32.DLL
0x00007ffd7a540000 - 0x00007ffd7a54c000 	C:\Users\rlagu\.p2\pool\plugins\org.eclipse.justj.openjdk.hotspot.jre.full.win32.x86_64_17.0.9.v20231028-0858\jre\bin\vcruntime140_1.dll
0x00007ffd64de0000 - 0x00007ffd64e6d000 	C:\Users\rlagu\.p2\pool\plugins\org.eclipse.justj.openjdk.hotspot.jre.full.win32.x86_64_17.0.9.v20231028-0858\jre\bin\msvcp140.dll
0x00007ffd21250000 - 0x00007ffd21eb1000 	C:\Users\rlagu\.p2\pool\plugins\org.eclipse.justj.openjdk.hotspot.jre.full.win32.x86_64_17.0.9.v20231028-0858\jre\bin\server\jvm.dll
0x00007ffd821f0000 - 0x00007ffd822a1000 	C:\Windows\System32\ADVAPI32.dll
0x00007ffd82530000 - 0x00007ffd825d5000 	C:\Windows\System32\sechost.dll
0x00007ffd81040000 - 0x00007ffd81157000 	C:\Windows\System32\RPCRT4.dll
0x00007ffd7ef60000 - 0x00007ffd7efad000 	C:\Windows\SYSTEM32\POWRPROF.dll
0x00007ffd7aa60000 - 0x00007ffd7aa69000 	C:\Windows\SYSTEM32\WSOCK32.dll
0x00007ffd80ee0000 - 0x00007ffd80f51000 	C:\Windows\System32\WS2_32.dll
0x00007ffd75f20000 - 0x00007ffd75f54000 	C:\Windows\SYSTEM32\WINMM.dll
0x00007ffd78ab0000 - 0x00007ffd78aba000 	C:\Windows\SYSTEM32\VERSION.dll
0x00007ffd7ef40000 - 0x00007ffd7ef53000 	C:\Windows\SYSTEM32\UMPDC.dll
0x00007ffd7f210000 - 0x00007ffd7f228000 	C:\Windows\SYSTEM32\kernel.appcore.dll
0x00007ffd7b930000 - 0x00007ffd7b93a000 	C:\Users\rlagu\.p2\pool\plugins\org.eclipse.justj.openjdk.hotspot.jre.full.win32.x86_64_17.0.9.v20231028-0858\jre\bin\jimage.dll
0x00007ffd799d0000 - 0x00007ffd79c03000 	C:\Windows\SYSTEM32\DBGHELP.DLL
0x00007ffd82a00000 - 0x00007ffd82d89000 	C:\Windows\System32\combase.dll
0x00007ffd80bd0000 - 0x00007ffd80ca7000 	C:\Windows\System32\OLEAUT32.dll
0x00007ffd79950000 - 0x00007ffd79982000 	C:\Windows\SYSTEM32\dbgcore.DLL
0x00007ffd80580000 - 0x00007ffd805fa000 	C:\Windows\System32\bcryptPrimitives.dll
0x00007ffd78c90000 - 0x00007ffd78ccb000 	C:\Users\rlagu\.p2\pool\plugins\org.eclipse.justj.openjdk.hotspot.jre.full.win32.x86_64_17.0.9.v20231028-0858\jre\bin\jdwp.dll
0x00007ffd7b920000 - 0x00007ffd7b92e000 	C:\Users\rlagu\.p2\pool\plugins\org.eclipse.justj.openjdk.hotspot.jre.full.win32.x86_64_17.0.9.v20231028-0858\jre\bin\instrument.dll
0x00007ffd7a660000 - 0x00007ffd7a685000 	C:\Users\rlagu\.p2\pool\plugins\org.eclipse.justj.openjdk.hotspot.jre.full.win32.x86_64_17.0.9.v20231028-0858\jre\bin\java.dll
0x00007ffd7aa00000 - 0x00007ffd7aa18000 	C:\Users\rlagu\.p2\pool\plugins\org.eclipse.justj.openjdk.hotspot.jre.full.win32.x86_64_17.0.9.v20231028-0858\jre\bin\zip.dll
0x00007ffd81960000 - 0x00007ffd821ba000 	C:\Windows\System32\SHELL32.dll
0x00007ffd7e010000 - 0x00007ffd7e906000 	C:\Windows\SYSTEM32\windows.storage.dll
0x00007ffd7ded0000 - 0x00007ffd7e00e000 	C:\Windows\SYSTEM32\wintypes.dll
0x00007ffd82900000 - 0x00007ffd829f3000 	C:\Windows\System32\SHCORE.dll
0x00007ffd80fe0000 - 0x00007ffd8103e000 	C:\Windows\System32\shlwapi.dll
0x00007ffd80070000 - 0x00007ffd80096000 	C:\Windows\SYSTEM32\profapi.dll

dbghelp: loaded successfully - version: 4.0.5 - missing functions: none
symbol engine: initialized successfully - sym options: 0x614 - pdb path: .;C:\Users\rlagu\.p2\pool\plugins\org.eclipse.justj.openjdk.hotspot.jre.full.win32.x86_64_17.0.9.v20231028-0858\jre\bin;C:\Windows\SYSTEM32;C:\Windows\WinSxS\amd64_microsoft.windows.common-controls_6595b64144ccf1df_6.0.22621.2506_none_270c5ae97388e100;C:\Users\rlagu\.p2\pool\plugins\org.eclipse.justj.openjdk.hotspot.jre.full.win32.x86_64_17.0.9.v20231028-0858\jre\bin\server

VM Arguments:
jvm_args: -XX:+ShowCodeDetailsInExceptionMessages -agentlib:jdwp=transport=dt_socket,suspend=y,address=localhost:49161 -javaagent:C:\Users\rlagu\eclipse\java-2023-09\eclipse\configuration\org.eclipse.osgi\252\0\.cp\lib\javaagent-shaded.jar -Dfile.encoding=UTF-8 -Dstdout.encoding=UTF-8 -Dstderr.encoding=UTF-8 
java_command: ch04.StudentTest
java_class_path (initial): C:\Users\rlagu\git\my_Java\Chapter03\bin
Launcher Type: SUN_STANDARD

[Global flags]
     intx CICompilerCount                          = 12                                        {product} {ergonomic}
     uint ConcGCThreads                            = 3                                         {product} {ergonomic}
     uint G1ConcRefinementThreads                  = 13                                        {product} {ergonomic}
   size_t G1HeapRegionSize                         = 2097152                                   {product} {ergonomic}
    uintx GCDrainStackTargetSize                   = 64                                        {product} {ergonomic}
   size_t InitialHeapSize                          = 264241152                                 {product} {ergonomic}
   size_t MarkStackSize                            = 4194304                                   {product} {ergonomic}
   size_t MaxHeapSize                              = 4213178368                                {product} {ergonomic}
   size_t MaxNewSize                               = 2527068160                                {product} {ergonomic}
   size_t MinHeapDeltaBytes                        = 2097152                                   {product} {ergonomic}
   size_t MinHeapSize                              = 8388608                                   {product} {ergonomic}
    uintx NonNMethodCodeHeapSize                   = 7602480                                {pd product} {ergonomic}
    uintx NonProfiledCodeHeapSize                  = 122027880                              {pd product} {ergonomic}
    uintx ProfiledCodeHeapSize                     = 122027880                              {pd product} {ergonomic}
    uintx ReservedCodeCacheSize                    = 251658240                              {pd product} {ergonomic}
     bool SegmentedCodeCache                       = true                                      {product} {ergonomic}
     bool ShowCodeDetailsInExceptionMessages       = true                                   {manageable} {command line}
   size_t SoftMaxHeapSize                          = 4213178368                             {manageable} {ergonomic}
     bool UseCompressedClassPointers               = true                           {product lp64_product} {ergonomic}
     bool UseCompressedOops                        = true                           {product lp64_product} {ergonomic}
     bool UseG1GC                                  = true                                      {product} {ergonomic}
     bool UseLargePagesIndividualAllocation        = false                                  {pd product} {ergonomic}

Logging:
Log output configuration:
 #0: stdout all=warning uptime,level,tags
 #1: stderr all=off uptime,level,tags

Environment Variables:
PATH=C:\Users\rlagu\.p2\pool\plugins\org.eclipse.justj.openjdk.hotspot.jre.full.win32.x86_64_17.0.9.v20231028-0858\jre\bin;C:/Users/rlagu/.p2/pool/plugins/org.eclipse.justj.openjdk.hotspot.jre.full.win32.x86_64_17.0.9.v20231028-0858/jre/bin/server;C:/Users/rlagu/.p2/pool/plugins/org.eclipse.justj.openjdk.hotspot.jre.full.win32.x86_64_17.0.9.v20231028-0858/jre/bin;C:\Windows\system32;C:\Windows;C:\Windows\System32\Wbem;C:\Windows\System32\WindowsPowerShell\v1.0\;C:\Windows\System32\OpenSSH\;C:\Program Files\Git\cmd;C:\Program Files\nodejs\;C:\sqlite;C:\Program Files\Zulu\zulu-8\bin\;C:\Program Files\Bandizip\;C:\python\Scripts\;C:\python\;C:\Users\rlagu\AppData\Local\Microsoft\WindowsApps;;C:\Users\rlagu\AppData\Local\Programs\Microsoft VS Code\bin;C:\Users\rlagu\AppData\Roaming\npm;C:\Users\rlagu\OneDrive\¹ÙÅÁ È­¸é;
USERNAME=kim hyeokil
OS=Windows_NT
PROCESSOR_IDENTIFIER=Intel64 Family 6 Model 186 Stepping 2, GenuineIntel
TMP=C:\Users\rlagu\AppData\Local\Temp
TEMP=C:\Users\rlagu\AppData\Local\Temp



Periodic native trim disabled


---------------  S Y S T E M  ---------------

OS:
 Windows 11 , 64 bit Build 22621 (10.0.22621.2506)
OS uptime: 10 days 17:11 hours
Hyper-V role detected

CPU: total 16 (initial active 16) (8 cores per cpu, 2 threads per core) family 6 model 186 stepping 2 microcode 0x410e, cx8, cmov, fxsr, ht, mmx, 3dnowpref, sse, sse2, sse3, ssse3, sse4.1, sse4.2, popcnt, lzcnt, tsc, tscinvbit, avx, avx2, aes, erms, clmul, bmi1, bmi2, adx, sha, fma, vzeroupper, clflush, clflushopt, clwb, hv
Processor Information for processor 0
  Max Mhz: 2200, Current Mhz: 2037, Mhz Limit: 2024
Processor Information for processor 1
  Max Mhz: 2200, Current Mhz: 2037, Mhz Limit: 2024
Processor Information for processor 2
  Max Mhz: 2200, Current Mhz: 2037, Mhz Limit: 2024
Processor Information for processor 3
  Max Mhz: 2200, Current Mhz: 2037, Mhz Limit: 2024
Processor Information for processor 4
  Max Mhz: 2200, Current Mhz: 2037, Mhz Limit: 2024
Processor Information for processor 5
  Max Mhz: 2200, Current Mhz: 2037, Mhz Limit: 2024
Processor Information for processor 6
  Max Mhz: 2200, Current Mhz: 2037, Mhz Limit: 2024
Processor Information for processor 7
  Max Mhz: 2200, Current Mhz: 2037, Mhz Limit: 2024
Processor Information for processor 8
  Max Mhz: 2200, Current Mhz: 1400, Mhz Limit: 1386
Processor Information for processor 9
  Max Mhz: 2200, Current Mhz: 1400, Mhz Limit: 1386
Processor Information for processor 10
  Max Mhz: 2200, Current Mhz: 1400, Mhz Limit: 1386
Processor Information for processor 11
  Max Mhz: 2200, Current Mhz: 1400, Mhz Limit: 1386
Processor Information for processor 12
  Max Mhz: 2200, Current Mhz: 1400, Mhz Limit: 1386
Processor Information for processor 13
  Max Mhz: 2200, Current Mhz: 1400, Mhz Limit: 1386
Processor Information for processor 14
  Max Mhz: 2200, Current Mhz: 1400, Mhz Limit: 1386
Processor Information for processor 15
  Max Mhz: 2200, Current Mhz: 1400, Mhz Limit: 1386

Memory: 4k page, system-wide physical 16066M (6407M free)
TotalPageFile size 65218M (AvailPageFile size 630M)
current process WorkingSet (physical memory assigned to process): 23M, peak: 23M
current process commit charge ("private bytes"): 338M, peak: 338M

vm_info: OpenJDK 64-Bit Server VM (17.0.9+9) for windows-amd64 JRE (17.0.9+9), built on Oct 26 2023 14:01:42 by "admin" with MS VC++ 16.10 / 16.11 (VS2019)

END.
